Database path: D:\PROJECTS\Coding Camp 2025 powered by DBS Foundation\Capstone\waste-classification-webapp\backend\database\prisma\dev.db
Starting article count...
Total articles: 23

Category distribution:
Daur Ulang: 5
Edukasi: 1
Pengelolaan Plastik: 3
Pengomposan: 3
Teknologi: 6
Zero Waste: 5

Most recent articles:
Membangun Ekonomi Sirkular di Tingkat Rumah Tangga (Daur Ulang) - 2025-06-09T18:18:43.205Z
Mengelola Sampah: Tanggung Jawab Bersama Demi Masa Depan Bumi (Edukasi) - 2025-06-09T17:11:21.995Z
Membangun Ekonomi Sirkular di Tingkat Rumah Tangga (Zero Waste) - 2025-06-09T12:09:49.497Z
Pengolahan Sampah Elektronik (E-Waste) yang Aman (Teknologi) - 2025-06-09T12:09:49.491Z
Smart Waste Management dengan IoT dan Sensor (Teknologi) - 2025-06-09T12:09:49.485Z
Membangun Komunitas Zero Waste di Lingkungan Sekitar (Zero Waste) - 2025-06-09T12:09:49.477Z
Urban Farming dengan Teknik Hidroponik Sederhana (Zero Waste) - 2025-06-09T12:04:53.109Z
Eco-Enzyme: Pembersih Alami dari Sampah Organik (Daur Ulang) - 2025-06-09T12:04:53.099Z
Sistem Biogas dari Sampah Organik Rumah Tangga (Teknologi) - 2025-06-09T12:04:53.088Z
Mengubah Minyak Jelantah Menjadi Biodiesel Rumahan (Daur Ulang) - 2025-06-09T12:04:53.077Z

Database connection closed
